.----------------------------.
|          Commands          |
|----------------------------|
|   Command    | Load status |
|--------------|-------------|
| fortnite.js  | ✅           |
| love.js      | ✅           |
| meme.js      | ✅           |
| rps.js       | ✅           |
| help.js      | ✅           |
| instagram.js | ✅           |
| ip.js        | ✅           |
| ping.js      | ✅           |
| whois.js     | ✅           |
| ban.js       | ✅           |
| clear.js     | ✅           |
| kick.js      | ✅           |
| report.js    | ✅           |
| say.js       | ✅           |
'----------------------------'
Hi, MC Bot is now online!
command.sh: line 1:  8677 Hangup                  node index.js
.----------------------------.
|          Commands          |
|----------------------------|
|   Command    | Load status |
|--------------|-------------|
| fortnite.js  | ✅           |
| love.js      | ✅           |
| meme.js      | ✅           |
| rps.js       | ✅           |
| help.js      | ✅           |
| instagram.js | ✅           |
| ip.js        | ✅           |
| ping.js      | ✅           |
| whois.js     | ✅           |
| ban.js       | ✅           |
| clear.js     | ✅           |
| kick.js      | ✅           |
| report.js    | ✅           |
| say.js       | ✅           |
'----------------------------'
Hi, MC Bot is now online!
command.sh: line 1:  8823 Hangup                  node index.js
.----------------------------.
|          Commands          |
|----------------------------|
|   Command    | Load status |
|--------------|-------------|
| fortnite.js  | ✅           |
| love.js      | ✅           |
| meme.js      | ✅           |
| rps.js       | ✅           |
| help.js      | ✅           |
| instagram.js | ✅           |
| ip.js        | ✅           |
| ping.js      | ✅           |
| whois.js     | ✅           |
| ban.js       | ✅           |
| clear.js     | ✅           |
| kick.js      | ✅           |
| report.js    | ✅           |
| say.js       | ✅           |
'----------------------------'
Hi, MC Bot is now online!
.----------------------------.
|          Commands          |
|----------------------------|
|   Command    | Load status |
|--------------|-------------|
| fortnite.js  | ✅           |
| love.js      | ✅           |
| meme.js      | ✅           |
| rps.js       | ✅           |
| help.js      | ✅           |
| instagram.js | ✅           |
| ip.js        | ✅           |
| ping.js      | ✅           |
| whois.js     | ✅           |
| ban.js       | ✅           |
| clear.js     | ✅           |
| kick.js      | ✅           |
| report.js    | ✅           |
| say.js       | ✅           |
'----------------------------'
Hi, MC Bot is now online!
(node:8932) UnhandledPromiseRejectionWarning: TypeError: promptMessage is not a function
    at Object.run (/home/ubuntu/bot/discordBot/commands/fun/rps.js:19:31)
    at <anonymous>
    at process._tickCallback (internal/process/next_tick.js:188:7)
(node:8932) UnhandledPromiseRejectionWarning: Unhandled promise rejection. This error originated either by throwing inside of an async function without a catch block, or by rejecting a promise which was not handled with .catch(). (rejection id: 1)
(node:8932) [DEP0018] DeprecationWarning: Unhandled promise rejections are deprecated. In the future, promise rejections that are not handled will terminate the Node.js process with a non-zero exit code.
.----------------------------.
|          Commands          |
|----------------------------|
|   Command    | Load status |
|--------------|-------------|
| fortnite.js  | ✅           |
| love.js      | ✅           |
| meme.js      | ✅           |
| rps.js       | ✅           |
| help.js      | ✅           |
| instagram.js | ✅           |
| ip.js        | ✅           |
| ping.js      | ✅           |
| whois.js     | ✅           |
| ban.js       | ✅           |
| clear.js     | ✅           |
| kick.js      | ✅           |
| report.js    | ✅           |
| say.js       | ✅           |
'----------------------------'
Hi, MC Bot is now online!
.----------------------------.
|          Commands          |
|----------------------------|
|   Command    | Load status |
|--------------|-------------|
| fortnite.js  | ✅           |
| love.js      | ✅           |
| meme.js      | ✅           |
| rps.js       | ✅           |
| help.js      | ✅           |
| instagram.js | ✅           |
| ip.js        | ✅           |
| ping.js      | ✅           |
| whois.js     | ✅           |
| ban.js       | ✅           |
| clear.js     | ✅           |
| kick.js      | ✅           |
| report.js    | ✅           |
| say.js       | ✅           |
'----------------------------'
Hi, MC Bot is now online!
bash: bg: No such file or directory
.----------------------------.
|          Commands          |
|----------------------------|
|   Command    | Load status |
|--------------|-------------|
| fortnite.js  | ✅           |
| love.js      | ✅           |
| meme.js      | ✅           |
| rps.js       | ✅           |
| help.js      | ✅           |
| instagram.js | ✅           |
| ip.js        | ✅           |
| ping.js      | ✅           |
| whois.js     | ✅           |
| ban.js       | ✅           |
| clear.js     | ✅           |
| kick.js      | ✅           |
| report.js    | ✅           |
| say.js       | ✅           |
'----------------------------'
Hi, MC Bot is now online!
command.sh: line 1:  9124 Hangup                  node index.js
.----------------------------.
|          Commands          |
|----------------------------|
|   Command    | Load status |
|--------------|-------------|
| fortnite.js  | ✅           |
| love.js      | ✅           |
| meme.js      | ✅           |
| rps.js       | ✅           |
| help.js      | ✅           |
| instagram.js | ✅           |
| ip.js        | ✅           |
| ping.js      | ✅           |
| whois.js     | ✅           |
| ban.js       | ✅           |
| clear.js     | ✅           |
| kick.js      | ✅           |
| report.js    | ✅           |
| say.js       | ✅           |
'----------------------------'
Hi, MC Bot is now online!
command.sh: line 1:  9274 Hangup                  node index.js
.----------------------------.
|          Commands          |
|----------------------------|
|   Command    | Load status |
|--------------|-------------|
| fortnite.js  | ✅           |
| love.js      | ✅           |
| meme.js      | ✅           |
| rps.js       | ✅           |
| help.js      | ✅           |
| instagram.js | ✅           |
| ip.js        | ✅           |
| ping.js      | ✅           |
| whois.js     | ✅           |
| ban.js       | ✅           |
| clear.js     | ✅           |
| kick.js      | ✅           |
| report.js    | ✅           |
| say.js       | ✅           |
'----------------------------'
Hi, MC Bot is now online!
command.sh: line 1:  9367 Hangup                  node index.js
.----------------------------.
|          Commands          |
|----------------------------|
|   Command    | Load status |
|--------------|-------------|
| fortnite.js  | ✅           |
| love.js      | ✅           |
| meme.js      | ✅           |
| rps.js       | ✅           |
| help.js      | ✅           |
| instagram.js | ✅           |
| ip.js        | ✅           |
| ping.js      | ✅           |
| whois.js     | ✅           |
| ban.js       | ✅           |
| clear.js     | ✅           |
| kick.js      | ✅           |
| report.js    | ✅           |
| say.js       | ✅           |
'----------------------------'
Hi, MC Bot is now online!
command.sh: line 1:  9496 Hangup                  node index.js
.----------------------------.
|          Commands          |
|----------------------------|
|   Command    | Load status |
|--------------|-------------|
| fortnite.js  | ✅           |
| love.js      | ✅           |
| meme.js      | ✅           |
| rps.js       | ✅           |
| help.js      | ✅           |
| instagram.js | ✅           |
| ip.js        | ✅           |
| ping.js      | ✅           |
| whois.js     | ✅           |
| ban.js       | ✅           |
| clear.js     | ✅           |
| kick.js      | ✅           |
| report.js    | ✅           |
| say.js       | ✅           |
'----------------------------'
Hi, MC Bot is now online!
.----------------------------.
|          Commands          |
|----------------------------|
|   Command    | Load status |
|--------------|-------------|
| fortnite.js  | ✅           |
| love.js      | ✅           |
| meme.js      | ✅           |
| rps.js       | ✅           |
| help.js      | ✅           |
| instagram.js | ✅           |
| ip.js        | ✅           |
| ping.js      | ✅           |
| whois.js     | ✅           |
| ban.js       | ✅           |
| clear.js     | ✅           |
| kick.js      | ✅           |
| report.js    | ✅           |
| say.js       | ✅           |
'----------------------------'
Hi, MC Bot is now online!
botstart.sh: line 1:  9759 Terminated              node index.js
.----------------------------.
|          Commands          |
|----------------------------|
|   Command    | Load status |
|--------------|-------------|
| fortnite.js  | ✅           |
| love.js      | ✅           |
| meme.js      | ✅           |
| rps.js       | ✅           |
| help.js      | ✅           |
| instagram.js | ✅           |
| ip.js        | ✅           |
| ping.js      | ✅           |
| whois.js     | ✅           |
| ban.js       | ✅           |
| clear.js     | ✅           |
| kick.js      | ✅           |
| report.js    | ✅           |
| say.js       | ✅           |
'----------------------------'
Hi, MC Bot is now online!
botstart.sh: line 1:  1403 Hangup                  node index.js
.----------------------------.
|          Commands          |
|----------------------------|
|   Command    | Load status |
|--------------|-------------|
| fortnite.js  | ✅           |
| love.js      | ✅           |
| meme.js      | ✅           |
| rps.js       | ✅           |
| help.js      | ✅           |
| instagram.js | ✅           |
| ip.js        | ✅           |
| ping.js      | ✅           |
| whois.js     | ✅           |
| ban.js       | ✅           |
| clear.js     | ✅           |
| kick.js      | ✅           |
| report.js    | ✅           |
| say.js       | ✅           |
'----------------------------'
Hi, MC Bot is now online!
.----------------------------.
|          Commands          |
|----------------------------|
|   Command    | Load status |
|--------------|-------------|
| fortnite.js  | ✅           |
| love.js      | ✅           |
| meme.js      | ✅           |
| rps.js       | ✅           |
| help.js      | ✅           |
| instagram.js | ✅           |
| ip.js        | ✅           |
| ping.js      | ✅           |
| whois.js     | ✅           |
| ban.js       | ✅           |
| clear.js     | ✅           |
| kick.js      | ✅           |
| report.js    | ✅           |
| say.js       | ✅           |
'----------------------------'
Hi, MC Bot is now online!
